build/app/intermediates/manifest_merge_blame_file/debug/manifest-merger-blame-debug-report.txt
1<?xml version="1.0" encoding="utf-8"?>
2<manifest xmlns:android="http://schemas.android.com/apk/res/android"
3    package="com.activeapp.user"
4    android:versionCode="1"
5    android:versionName="1.0.0" >
6
7    <uses-sdk
8        android:minSdkVersion="21"
9        android:targetSdkVersion="31" />
10    <!--
11         Flutter needs it to communicate with the running application
12         to allow setting breakpoints, to provide hot reload, etc.
13    -->
14    <uses-permission android:name="android.permission.INTERNET" />
14-->src/debug/AndroidManifest.xml:6:5-66
14-->src/debug/AndroidManifest.xml:6:22-64
15    <uses-permission android:name="android.permission.RECEIVE_BOOT_COMPLETED" />
15-->[:flutter_local_notifications] AndroidManifest.xml:7:5-81
15-->[:flutter_local_notifications] AndroidManifest.xml:7:22-78
16    <uses-permission android:name="android.permission.VIBRATE" />
16-->[:flutter_local_notifications] AndroidManifest.xml:8:5-66
16-->[:flutter_local_notifications] AndroidManifest.xml:8:22-63
17    <uses-permission android:name="android.permission.USE_FULL_SCREEN_INTENT" />
17-->[:flutter_local_notifications] AndroidManifest.xml:9:5-81
17-->[:flutter_local_notifications] AndroidManifest.xml:9:22-78
18    <uses-permission android:name="android.permission.SCHEDULE_EXACT_ALARM" />
18-->[:flutter_local_notifications] AndroidManifest.xml:10:5-79
18-->[:flutter_local_notifications] AndroidManifest.xml:10:22-76
19    <uses-permission android:name="android.permission.POST_NOTIFICATIONS" />
19-->[:flutter_local_notifications] AndroidManifest.xml:11:5-77
19-->[:flutter_local_notifications] AndroidManifest.xml:11:22-74
20    <uses-permission android:name="android.permission.ACCESS_NETWORK_STATE" />
20-->[:connectivity] AndroidManifest.xml:7:5-79
20-->[:connectivity] AndroidManifest.xml:7:22-76
21
22    <queries>
22-->[com.razorpay:checkout:1.6.33] AndroidManifest.xml:10:5-39:15
23        <intent>
23-->[com.razorpay:checkout:1.6.33] AndroidManifest.xml:11:9-17:18
24            <action android:name="android.intent.action.VIEW" />
24-->[com.razorpay:checkout:1.6.33] AndroidManifest.xml:12:13-65
24-->[com.razorpay:checkout:1.6.33] AndroidManifest.xml:12:21-62
25
26            <data
26-->[com.razorpay:checkout:1.6.33] AndroidManifest.xml:14:13-16:38
27                android:mimeType="*/*"
27-->[com.razorpay:checkout:1.6.33] AndroidManifest.xml:15:17-39
28                android:scheme="*" />
28-->[com.razorpay:checkout:1.6.33] AndroidManifest.xml:16:17-35
29        </intent>
30        <intent>
30-->[com.razorpay:checkout:1.6.33] AndroidManifest.xml:18:9-27:18
31            <action android:name="android.intent.action.VIEW" />
31-->[com.razorpay:checkout:1.6.33] AndroidManifest.xml:12:13-65
31-->[com.razorpay:checkout:1.6.33] AndroidManifest.xml:12:21-62
32
33            <category android:name="android.intent.category.BROWSABLE" />
33-->[com.razorpay:checkout:1.6.33] AndroidManifest.xml:21:13-74
33-->[com.razorpay:checkout:1.6.33] AndroidManifest.xml:21:23-71
34
35            <data
35-->[com.razorpay:checkout:1.6.33] AndroidManifest.xml:14:13-16:38
36                android:host="pay"
37                android:mimeType="*/*"
37-->[com.razorpay:checkout:1.6.33] AndroidManifest.xml:15:17-39
38                android:scheme="upi" />
38-->[com.razorpay:checkout:1.6.33] AndroidManifest.xml:16:17-35
39        </intent>
40        <intent>
40-->[com.razorpay:checkout:1.6.33] AndroidManifest.xml:28:9-30:18
41            <action android:name="android.intent.action.MAIN" />
41-->[com.razorpay:checkout:1.6.33] AndroidManifest.xml:29:13-65
41-->[com.razorpay:checkout:1.6.33] AndroidManifest.xml:29:21-62
42        </intent>
43        <intent>
43-->[com.razorpay:checkout:1.6.33] AndroidManifest.xml:31:9-35:18
44            <action android:name="android.intent.action.SEND" />
44-->[com.razorpay:checkout:1.6.33] AndroidManifest.xml:32:13-65
44-->[com.razorpay:checkout:1.6.33] AndroidManifest.xml:32:21-62
45
46            <data android:mimeType="*/*" />
46-->[com.razorpay:checkout:1.6.33] AndroidManifest.xml:14:13-16:38
46-->[com.razorpay:checkout:1.6.33] AndroidManifest.xml:15:17-39
47        </intent>
48        <intent>
48-->[com.razorpay:checkout:1.6.33] AndroidManifest.xml:36:9-38:18
49            <action android:name="rzp.device_token.share" />
49-->[com.razorpay:checkout:1.6.33] AndroidManifest.xml:37:13-61
49-->[com.razorpay:checkout:1.6.33] AndroidManifest.xml:37:21-58
50        </intent>
51        <!-- Added to check if Chrome is installed for browser-based payment authentication (e.g. 3DS1). -->
52        <package android:name="com.android.chrome" /> <!-- Needs to be explicitly declared on Android R+ -->
52-->[com.stripe:payments-core:20.1.0] AndroidManifest.xml:13:9-54
52-->[com.stripe:payments-core:20.1.0] AndroidManifest.xml:13:18-51
53        <package android:name="com.google.android.apps.maps" />
53-->[com.google.android.gms:play-services-maps:18.0.2] AndroidManifest.xml:33:9-64
53-->[com.google.android.gms:play-services-maps:18.0.2] AndroidManifest.xml:33:18-61
54    </queries>
55
56    <uses-feature
56-->[com.google.android.gms:play-services-maps:18.0.2] AndroidManifest.xml:26:5-28:35
57        android:glEsVersion="0x00020000"
57-->[com.google.android.gms:play-services-maps:18.0.2] AndroidManifest.xml:27:9-41
58        android:required="true" />
58-->[com.google.android.gms:play-services-maps:18.0.2] AndroidManifest.xml:28:9-32
59
60    <application
61        android:name="android.app.Application"
62        android:appComponentFactory="androidx.core.app.CoreComponentFactory"
62-->[androidx.core:core:1.8.0-alpha07] AndroidManifest.xml:24:18-86
63        android:debuggable="true"
64        android:icon="@mipmap/ic_launcher"
65        android:label="user" >
66        <activity
67            android:name="com.activeapp.user.MainActivity"
68            android:configChanges="orientation|keyboardHidden|keyboard|screenSize|smallestScreenSize|locale|layoutDirection|fontScale|screenLayout|density|uiMode"
69            android:exported="true"
70            android:hardwareAccelerated="true"
71            android:launchMode="singleTop"
72            android:theme="@style/LaunchTheme"
73            android:windowSoftInputMode="adjustResize" >
74
75            <!--
76                 Specifies an Android theme to apply to this Activity as soon as
77                 the Android process has started. This theme is visible to the user
78                 while the Flutter UI initializes. After that, this theme continues
79                 to determine the Window background behind the Flutter UI.
80            -->
81            <meta-data
82                android:name="io.flutter.embedding.android.NormalTheme"
83                android:resource="@style/NormalTheme" />
84
85            <intent-filter>
86                <action android:name="android.intent.action.MAIN" />
86-->[com.razorpay:checkout:1.6.33] AndroidManifest.xml:29:13-65
86-->[com.razorpay:checkout:1.6.33] AndroidManifest.xml:29:21-62
87
88                <category android:name="android.intent.category.LAUNCHER" />
89            </intent-filter>
90        </activity>
91        <!--
92             Don't delete the meta-data below.
93             This is used by the Flutter tool to generate GeneratedPluginRegistrant.java
94        -->
95        <meta-data
96            android:name="flutterEmbedding"
97            android:value="2" />
98
99        <receiver
99-->[:flutter_local_notifications] AndroidManifest.xml:14:9-16:40
100            android:name="com.dexterous.flutterlocalnotifications.ScheduledNotificationReceiver"
100-->[:flutter_local_notifications] AndroidManifest.xml:15:13-97
101            android:exported="false" />
101-->[:flutter_local_notifications] AndroidManifest.xml:16:13-37
102        <receiver
102-->[:flutter_local_notifications] AndroidManifest.xml:17:9-26:20
103            android:name="com.dexterous.flutterlocalnotifications.ScheduledNotificationBootReceiver"
103-->[:flutter_local_notifications] AndroidManifest.xml:18:13-101
104            android:exported="false" >
104-->[:flutter_local_notifications] AndroidManifest.xml:19:13-37
105            <intent-filter>
105-->[:flutter_local_notifications] AndroidManifest.xml:20:13-25:29
106                <action android:name="android.intent.action.BOOT_COMPLETED" />
106-->[:flutter_local_notifications] AndroidManifest.xml:21:17-79
106-->[:flutter_local_notifications] AndroidManifest.xml:21:25-76
107                <action android:name="android.intent.action.MY_PACKAGE_REPLACED" />
107-->[:flutter_local_notifications] AndroidManifest.xml:22:17-84
107-->[:flutter_local_notifications] AndroidManifest.xml:22:25-81
108                <action android:name="android.intent.action.QUICKBOOT_POWERON" />
108-->[:flutter_local_notifications] AndroidManifest.xml:23:17-82
108-->[:flutter_local_notifications] AndroidManifest.xml:23:25-79
109                <action android:name="com.htc.intent.action.QUICKBOOT_POWERON" />
109-->[:flutter_local_notifications] AndroidManifest.xml:24:17-82
109-->[:flutter_local_notifications] AndroidManifest.xml:24:25-79
110            </intent-filter>
111        </receiver>
112
113        <activity
113-->[:url_launcher_android] AndroidManifest.xml:8:9-11:74
114            android:name="io.flutter.plugins.urllauncher.WebViewActivity"
114-->[:url_launcher_android] AndroidManifest.xml:9:13-74
115            android:exported="false"
115-->[:url_launcher_android] AndroidManifest.xml:10:13-37
116            android:theme="@android:style/Theme.NoTitleBar.Fullscreen" />
116-->[:url_launcher_android] AndroidManifest.xml:11:13-71
117
118        <receiver
118-->[com.razorpay:checkout:1.6.33] AndroidManifest.xml:42:9-49:20
119            android:name="com.razorpay.RzpTokenReceiver"
119-->[com.razorpay:checkout:1.6.33] AndroidManifest.xml:43:13-57
120            android:exported="true" >
120-->[com.razorpay:checkout:1.6.33] AndroidManifest.xml:44:13-36
121            <intent-filter>
121-->[com.razorpay:checkout:1.6.33] AndroidManifest.xml:46:13-48:29
122                <action android:name="rzp.device_token.share" />
122-->[com.razorpay:checkout:1.6.33] AndroidManifest.xml:37:13-61
122-->[com.razorpay:checkout:1.6.33] AndroidManifest.xml:37:21-58
123            </intent-filter>
124        </receiver>
125
126        <activity
126-->[com.razorpay:checkout:1.6.33] AndroidManifest.xml:51:9-59:20
127            android:name="com.razorpay.CheckoutActivity"
127-->[com.razorpay:checkout:1.6.33] AndroidManifest.xml:52:13-57
128            android:configChanges="keyboard|keyboardHidden|orientation|screenSize"
128-->[com.razorpay:checkout:1.6.33] AndroidManifest.xml:53:13-83
129            android:exported="true"
129-->[com.razorpay:checkout:1.6.33] AndroidManifest.xml:54:13-36
130            android:theme="@style/CheckoutTheme" >
130-->[com.razorpay:checkout:1.6.33] AndroidManifest.xml:55:13-49
131            <intent-filter>
131-->[com.razorpay:checkout:1.6.33] AndroidManifest.xml:56:13-58:29
132                <action android:name="android.intent.action.MAIN" />
132-->[com.razorpay:checkout:1.6.33] AndroidManifest.xml:29:13-65
132-->[com.razorpay:checkout:1.6.33] AndroidManifest.xml:29:21-62
133            </intent-filter>
134        </activity>
135
136        <meta-data
136-->[com.razorpay:checkout:1.6.33] AndroidManifest.xml:61:9-63:58
137            android:name="com.razorpay.plugin.googlepay_all"
137-->[com.razorpay:checkout:1.6.33] AndroidManifest.xml:62:13-61
138            android:value="com.razorpay.RzpGpayMerged" />
138-->[com.razorpay:checkout:1.6.33] AndroidManifest.xml:63:13-55
139
140        <activity
140-->[com.stripe:paymentsheet:20.1.0] AndroidManifest.xml:10:9-13:69
141            android:name="com.stripe.android.paymentsheet.PaymentSheetActivity"
141-->[com.stripe:paymentsheet:20.1.0] AndroidManifest.xml:11:13-80
142            android:exported="false"
142-->[com.stripe:paymentsheet:20.1.0] AndroidManifest.xml:12:13-37
143            android:theme="@style/StripePaymentSheetDefaultTheme" />
143-->[com.stripe:paymentsheet:20.1.0] AndroidManifest.xml:13:13-66
144        <activity
144-->[com.stripe:paymentsheet:20.1.0] AndroidManifest.xml:14:9-17:69
145            android:name="com.stripe.android.paymentsheet.PaymentOptionsActivity"
145-->[com.stripe:paymentsheet:20.1.0] AndroidManifest.xml:15:13-82
146            android:exported="false"
146-->[com.stripe:paymentsheet:20.1.0] AndroidManifest.xml:16:13-37
147            android:theme="@style/StripePaymentSheetDefaultTheme" />
147-->[com.stripe:paymentsheet:20.1.0] AndroidManifest.xml:17:13-66
148        <activity
148-->[com.stripe:link:20.1.0] AndroidManifest.xml:10:9-13:44
149            android:name="com.stripe.android.link.LinkActivity"
149-->[com.stripe:link:20.1.0] AndroidManifest.xml:11:13-64
150            android:exported="false"
150-->[com.stripe:link:20.1.0] AndroidManifest.xml:12:13-37
151            android:label="@string/link" />
151-->[com.stripe:link:20.1.0] AndroidManifest.xml:13:13-41
152        <activity
152-->[com.stripe:payments-core:20.1.0] AndroidManifest.xml:17:9-20:57
153            android:name="com.stripe.android.view.AddPaymentMethodActivity"
153-->[com.stripe:payments-core:20.1.0] AndroidManifest.xml:18:13-76
154            android:exported="false"
154-->[com.stripe:payments-core:20.1.0] AndroidManifest.xml:19:13-37
155            android:theme="@style/StripeDefaultTheme" />
155-->[com.stripe:payments-core:20.1.0] AndroidManifest.xml:20:13-54
156        <activity
156-->[com.stripe:payments-core:20.1.0] AndroidManifest.xml:21:9-24:57
157            android:name="com.stripe.android.view.PaymentMethodsActivity"
157-->[com.stripe:payments-core:20.1.0] AndroidManifest.xml:22:13-74
158            android:exported="false"
158-->[com.stripe:payments-core:20.1.0] AndroidManifest.xml:23:13-37
159            android:theme="@style/StripeDefaultTheme" />
159-->[com.stripe:payments-core:20.1.0] AndroidManifest.xml:24:13-54
160        <activity
160-->[com.stripe:payments-core:20.1.0] AndroidManifest.xml:25:9-28:57
161            android:name="com.stripe.android.view.PaymentFlowActivity"
161-->[com.stripe:payments-core:20.1.0] AndroidManifest.xml:26:13-71
162            android:exported="false"
162-->[com.stripe:payments-core:20.1.0] AndroidManifest.xml:27:13-37
163            android:theme="@style/StripeDefaultTheme" />
163-->[com.stripe:payments-core:20.1.0] AndroidManifest.xml:28:13-54
164        <activity
164-->[com.stripe:payments-core:20.1.0] AndroidManifest.xml:29:9-33:58
165            android:name="com.stripe.android.view.PaymentAuthWebViewActivity"
165-->[com.stripe:payments-core:20.1.0] AndroidManifest.xml:30:13-78
166            android:exported="false"
166-->[com.stripe:payments-core:20.1.0] AndroidManifest.xml:31:13-37
167            android:theme="@style/StripeDefaultTheme"
167-->[com.stripe:payments-core:20.1.0] AndroidManifest.xml:32:13-54
168            android:windowSoftInputMode="adjustResize" />
168-->[com.stripe:payments-core:20.1.0] AndroidManifest.xml:33:13-55
169        <activity
169-->[com.stripe:payments-core:20.1.0] AndroidManifest.xml:34:9-37:61
170            android:name="com.stripe.android.view.PaymentRelayActivity"
170-->[com.stripe:payments-core:20.1.0] AndroidManifest.xml:35:13-72
171            android:exported="false"
171-->[com.stripe:payments-core:20.1.0] AndroidManifest.xml:36:13-37
172            android:theme="@style/StripeTransparentTheme" />
172-->[com.stripe:payments-core:20.1.0] AndroidManifest.xml:37:13-58
173        <!--
174        Set android:launchMode="singleTop" so that the StripeBrowserLauncherActivity instance that
175        launched the browser Activity will also handle the return URL deep link.
176        -->
177        <activity
177-->[com.stripe:payments-core:20.1.0] AndroidManifest.xml:43:9-47:61
178            android:name="com.stripe.android.payments.StripeBrowserLauncherActivity"
178-->[com.stripe:payments-core:20.1.0] AndroidManifest.xml:44:13-85
179            android:exported="false"
179-->[com.stripe:payments-core:20.1.0] AndroidManifest.xml:45:13-37
180            android:launchMode="singleTask"
180-->[com.stripe:payments-core:20.1.0] AndroidManifest.xml:46:13-44
181            android:theme="@style/StripeTransparentTheme" />
181-->[com.stripe:payments-core:20.1.0] AndroidManifest.xml:47:13-58
182        <activity
182-->[com.stripe:payments-core:20.1.0] AndroidManifest.xml:48:9-65:20
183            android:name="com.stripe.android.payments.StripeBrowserProxyReturnActivity"
183-->[com.stripe:payments-core:20.1.0] AndroidManifest.xml:49:13-88
184            android:exported="true"
184-->[com.stripe:payments-core:20.1.0] AndroidManifest.xml:50:13-36
185            android:launchMode="singleTask"
185-->[com.stripe:payments-core:20.1.0] AndroidManifest.xml:51:13-44
186            android:theme="@style/StripeTransparentTheme" >
186-->[com.stripe:payments-core:20.1.0] AndroidManifest.xml:52:13-58
187            <intent-filter>
187-->[com.stripe:payments-core:20.1.0] AndroidManifest.xml:53:13-64:29
188                <action android:name="android.intent.action.VIEW" />
188-->[com.razorpay:checkout:1.6.33] AndroidManifest.xml:12:13-65
188-->[com.razorpay:checkout:1.6.33] AndroidManifest.xml:12:21-62
189
190                <category android:name="android.intent.category.DEFAULT" />
190-->[com.stripe:payments-core:20.1.0] AndroidManifest.xml:56:17-76
190-->[com.stripe:payments-core:20.1.0] AndroidManifest.xml:56:27-73
191                <category android:name="android.intent.category.BROWSABLE" />
191-->[com.razorpay:checkout:1.6.33] AndroidManifest.xml:21:13-74
191-->[com.razorpay:checkout:1.6.33] AndroidManifest.xml:21:23-71
192
193                <!-- Must match `DefaultReturnUrl#value`. -->
194                <data
194-->[com.razorpay:checkout:1.6.33] AndroidManifest.xml:14:13-16:38
195                    android:host="payment_return_url"
196                    android:path="/com.activeapp.user"
197                    android:scheme="stripesdk" />
197-->[com.razorpay:checkout:1.6.33] AndroidManifest.xml:16:17-35
198            </intent-filter>
199        </activity>
200        <activity
200-->[com.stripe:payments-core:20.1.0] AndroidManifest.xml:66:9-69:57
201            android:name="com.stripe.android.payments.core.authentication.threeds2.Stripe3ds2TransactionActivity"
201-->[com.stripe:payments-core:20.1.0] AndroidManifest.xml:67:13-114
202            android:exported="false"
202-->[com.stripe:payments-core:20.1.0] AndroidManifest.xml:68:13-37
203            android:theme="@style/StripeDefaultTheme" />
203-->[com.stripe:payments-core:20.1.0] AndroidManifest.xml:69:13-54
204        <activity
204-->[com.stripe:payments-core:20.1.0] AndroidManifest.xml:70:9-73:66
205            android:name="com.stripe.android.googlepaylauncher.StripeGooglePayActivity"
205-->[com.stripe:payments-core:20.1.0] AndroidManifest.xml:71:13-88
206            android:exported="false"
206-->[com.stripe:payments-core:20.1.0] AndroidManifest.xml:72:13-37
207            android:theme="@style/StripeGooglePayDefaultTheme" />
207-->[com.stripe:payments-core:20.1.0] AndroidManifest.xml:73:13-63
208        <activity
208-->[com.stripe:payments-core:20.1.0] AndroidManifest.xml:74:9-77:66
209            android:name="com.stripe.android.googlepaylauncher.GooglePayLauncherActivity"
209-->[com.stripe:payments-core:20.1.0] AndroidManifest.xml:75:13-90
210            android:exported="false"
210-->[com.stripe:payments-core:20.1.0] AndroidManifest.xml:76:13-37
211            android:theme="@style/StripeGooglePayDefaultTheme" />
211-->[com.stripe:payments-core:20.1.0] AndroidManifest.xml:77:13-63
212        <activity
212-->[com.stripe:payments-core:20.1.0] AndroidManifest.xml:78:9-81:66
213            android:name="com.stripe.android.googlepaylauncher.GooglePayPaymentMethodLauncherActivity"
213-->[com.stripe:payments-core:20.1.0] AndroidManifest.xml:79:13-103
214            android:exported="false"
214-->[com.stripe:payments-core:20.1.0] AndroidManifest.xml:80:13-37
215            android:theme="@style/StripeGooglePayDefaultTheme" />
215-->[com.stripe:payments-core:20.1.0] AndroidManifest.xml:81:13-63
216        <activity
216-->[com.stripe:payments-core:20.1.0] AndroidManifest.xml:82:9-85:62
217            android:name="com.stripe.android.payments.paymentlauncher.PaymentLauncherConfirmationActivity"
217-->[com.stripe:payments-core:20.1.0] AndroidManifest.xml:83:13-107
218            android:exported="false"
218-->[com.stripe:payments-core:20.1.0] AndroidManifest.xml:84:13-37
219            android:theme="@style/PayLauncherDefaultTheme" />
219-->[com.stripe:payments-core:20.1.0] AndroidManifest.xml:85:13-59
220        <activity
220-->[com.stripe:payments-core:20.1.0] AndroidManifest.xml:86:9-89:61
221            android:name="com.stripe.android.payments.bankaccount.ui.CollectBankAccountActivity"
221-->[com.stripe:payments-core:20.1.0] AndroidManifest.xml:87:13-97
222            android:exported="false"
222-->[com.stripe:payments-core:20.1.0] AndroidManifest.xml:88:13-37
223            android:theme="@style/StripeTransparentTheme" />
223-->[com.stripe:payments-core:20.1.0] AndroidManifest.xml:89:13-58
224        <activity
224-->[com.stripe:stripe-3ds2-android:6.1.5] AndroidManifest.xml:10:9-13:54
225            android:name="com.stripe.android.stripe3ds2.views.ChallengeActivity"
225-->[com.stripe:stripe-3ds2-android:6.1.5] AndroidManifest.xml:11:13-81
226            android:exported="false"
226-->[com.stripe:stripe-3ds2-android:6.1.5] AndroidManifest.xml:12:13-37
227            android:theme="@style/Stripe3DS2Theme" /> <!-- Needs to be explicitly declared on P+ -->
227-->[com.stripe:stripe-3ds2-android:6.1.5] AndroidManifest.xml:13:13-51
228        <uses-library
228-->[com.google.android.gms:play-services-maps:18.0.2] AndroidManifest.xml:39:9-41:40
229            android:name="org.apache.http.legacy"
229-->[com.google.android.gms:play-services-maps:18.0.2] AndroidManifest.xml:40:13-50
230            android:required="false" />
230-->[com.google.android.gms:play-services-maps:18.0.2] AndroidManifest.xml:41:13-37
231
232        <activity
232-->[com.google.android.gms:play-services-auth:17.0.0] AndroidManifest.xml:23:9-27:75
233            android:name="com.google.android.gms.auth.api.signin.internal.SignInHubActivity"
233-->[com.google.android.gms:play-services-auth:17.0.0] AndroidManifest.xml:24:13-93
234            android:excludeFromRecents="true"
234-->[com.google.android.gms:play-services-auth:17.0.0] AndroidManifest.xml:25:13-46
235            android:exported="false"
235-->[com.google.android.gms:play-services-auth:17.0.0] AndroidManifest.xml:26:13-37
236            android:theme="@android:style/Theme.Translucent.NoTitleBar" />
236-->[com.google.android.gms:play-services-auth:17.0.0] AndroidManifest.xml:27:13-72
237        <!--
238            Service handling Google Sign-In user revocation. For apps that do not integrate with
239            Google Sign-In, this service will never be started.
240        -->
241        <service
241-->[com.google.android.gms:play-services-auth:17.0.0] AndroidManifest.xml:33:9-36:110
242            android:name="com.google.android.gms.auth.api.signin.RevocationBoundService"
242-->[com.google.android.gms:play-services-auth:17.0.0] AndroidManifest.xml:34:13-89
243            android:exported="true"
243-->[com.google.android.gms:play-services-auth:17.0.0] AndroidManifest.xml:35:13-36
244            android:permission="com.google.android.gms.auth.api.signin.permission.REVOCATION_NOTIFICATION" />
244-->[com.google.android.gms:play-services-auth:17.0.0] AndroidManifest.xml:36:13-107
245
246        <activity
246-->[com.google.android.gms:play-services-base:18.0.1] AndroidManifest.xml:20:9-22:45
247            android:name="com.google.android.gms.common.api.GoogleApiActivity"
247-->[com.google.android.gms:play-services-base:18.0.1] AndroidManifest.xml:20:19-85
248            android:exported="false"
248-->[com.google.android.gms:play-services-base:18.0.1] AndroidManifest.xml:22:19-43
249            android:theme="@android:style/Theme.Translucent.NoTitleBar" />
249-->[com.google.android.gms:play-services-base:18.0.1] AndroidManifest.xml:21:19-78
250
251        <meta-data
251-->[com.google.android.gms:play-services-basement:18.0.0] AndroidManifest.xml:21:9-23:69
252            android:name="com.google.android.gms.version"
252-->[com.google.android.gms:play-services-basement:18.0.0] AndroidManifest.xml:22:13-58
253            android:value="@integer/google_play_services_version" />
253-->[com.google.android.gms:play-services-basement:18.0.0] AndroidManifest.xml:23:13-66
254
255        <provider
255-->[androidx.emoji2:emoji2:1.0.0] AndroidManifest.xml:26:9-34:20
256            android:name="androidx.startup.InitializationProvider"
256-->[androidx.emoji2:emoji2:1.0.0] AndroidManifest.xml:27:13-67
257            android:authorities="com.activeapp.user.androidx-startup"
257-->[androidx.emoji2:emoji2:1.0.0] AndroidManifest.xml:28:13-68
258            android:exported="false" >
258-->[androidx.emoji2:emoji2:1.0.0] AndroidManifest.xml:29:13-37
259            <meta-data
259-->[androidx.emoji2:emoji2:1.0.0] AndroidManifest.xml:31:13-33:52
260                android:name="androidx.emoji2.text.EmojiCompatInitializer"
260-->[androidx.emoji2:emoji2:1.0.0] AndroidManifest.xml:32:17-75
261                android:value="androidx.startup" />
261-->[androidx.emoji2:emoji2:1.0.0] AndroidManifest.xml:33:17-49
262            <meta-data
262-->[androidx.lifecycle:lifecycle-process:2.4.0] AndroidManifest.xml:31:13-33:52
263                android:name="androidx.lifecycle.ProcessLifecycleInitializer"
263-->[androidx.lifecycle:lifecycle-process:2.4.0] AndroidManifest.xml:32:17-78
264                android:value="androidx.startup" />
264-->[androidx.lifecycle:lifecycle-process:2.4.0] AndroidManifest.xml:33:17-49
265            <meta-data
265-->[androidx.profileinstaller:profileinstaller:1.1.0] AndroidManifest.xml:31:13-33:52
266                android:name="androidx.profileinstaller.ProfileInstallerInitializer"
266-->[androidx.profileinstaller:profileinstaller:1.1.0] AndroidManifest.xml:32:17-85
267                android:value="androidx.startup" />
267-->[androidx.profileinstaller:profileinstaller:1.1.0] AndroidManifest.xml:33:17-49
268        </provider>
269
270        <receiver
270-->[androidx.profileinstaller:profileinstaller:1.1.0] AndroidManifest.xml:36:9-45:20
271            android:name="androidx.profileinstaller.ProfileInstallReceiver"
271-->[androidx.profileinstaller:profileinstaller:1.1.0] AndroidManifest.xml:37:13-76
272            android:directBootAware="false"
272-->[androidx.profileinstaller:profileinstaller:1.1.0] AndroidManifest.xml:38:13-44
273            android:enabled="true"
273-->[androidx.profileinstaller:profileinstaller:1.1.0] AndroidManifest.xml:39:13-35
274            android:exported="true"
274-->[androidx.profileinstaller:profileinstaller:1.1.0] AndroidManifest.xml:40:13-36
275            android:permission="android.permission.DUMP" >
275-->[androidx.profileinstaller:profileinstaller:1.1.0] AndroidManifest.xml:41:13-57
276            <intent-filter>
276-->[androidx.profileinstaller:profileinstaller:1.1.0] AndroidManifest.xml:42:13-44:29
277                <action android:name="androidx.profileinstaller.action.INSTALL_PROFILE" />
277-->[androidx.profileinstaller:profileinstaller:1.1.0] AndroidManifest.xml:43:17-91
277-->[androidx.profileinstaller:profileinstaller:1.1.0] AndroidManifest.xml:43:25-88
278            </intent-filter>
279        </receiver>
280
281        <meta-data
281-->[com.google.android.instantapps:instantapps:1.1.0] AndroidManifest.xml:10:9-12:33
282            android:name="aia-compat-api-min-version"
282-->[com.google.android.instantapps:instantapps:1.1.0] AndroidManifest.xml:11:13-54
283            android:value="1" />
283-->[com.google.android.instantapps:instantapps:1.1.0] AndroidManifest.xml:12:13-30
284    </application>
285
286</manifest>